[2024-09-29_16:40:52:967]AT+QBLEGATTSSRV=fff1
[2024-09-29_16:40:52:967]ERROR
[2024-09-29_16:40:53:592]AT+QBLEGATTSCHAR=fff2
[2024-09-29_16:40:53:592]ERROR
[2024-09-29_16:40:55:840]AT+QBLEINIT=2
[2024-09-29_16:40:55:840]OK
[2024-09-29_16:40:56:951]AT+QBLEGATTSSRV=fff1
[2024-09-29_16:40:56:952]OK
[2024-09-29_16:40:57:437]AT+QBLEGATTSCHAR=fff2
[2024-09-29_16:40:57:437]OK
[2024-09-29_16:40:58:694]AT+QBLEGATTSCHAR=fff31111222233334444555566667777
[2024-09-29_16:40:58:696]OK
[2024-09-29_16:40:59:359]AT+QBLENAME=HCM111Z-iFishin
[2024-09-29_16:40:59:359]OK
[2024-09-29_16:40:59:898]AT+QBLEGATTSSRVDONE
[2024-09-29_16:40:59:898]OK
[2024-09-29_16:41:01:277]AT+QBLEADVSTART
[2024-09-29_16:41:01:279]OK
[2024-09-29_16:41:05:991]+QBLESTAT:CONNECTED
[2024-09-29_16:41:06:094]+QBLEMTU:247
[2024-09-29_16:41:06:555]+QBLECONNPARAM:6,500,0
[2024-09-29_16:41:06:934]+QBLECONNPARAM:28,500,0
[2024-09-29_16:41:10:713]hello from Samsung
[2024-09-29_16:41:14:322]AT+QBLETRANMODE=FFF2,1
[2024-09-29_16:41:14:322]OK
[2024-09-29_16:41:34:735]hello from Samsung
[2024-09-29_16:45:16:207]hello from Samsung
[2024-09-29_16:45:20:102]hello from Samsung
[2024-09-29_16:48:26:874]OK
[2024-09-29_16:48:33:085]AT+QECHO=1
[2024-09-29_16:48:33:086]OK
[2024-09-29_16:48:34:436]AT+QECHO=1
[2024-09-29_16:48:34:436]OK[2024-09-29_16:48:55:663]AT+QECHO=1
[2024-09-29_16:48:55:663]OK
[2024-09-29_16:48:57:388]AT+QRST
[2024-09-29_16:48:57:388]OK
[2024-09-29_16:48:57:914]freqchipfreqchipfreqchipfreqchipready
