[2024-10-31_15:48:45:250]AT+QSCLK=1
[2024-10-31_15:48:45:251]OK
[2024-10-31_16:50:45:695]
[2024-10-31_16:50:45:696]RDY
[2024-10-31_16:50:47:480]AT+QSUB
[2024-10-31_16:50:47:480]+QSUB: V03
[2024-10-31_16:50:47:480]
[2024-10-31_16:50:47:480]OK
[2024-10-31_16:50:48:279]AT+QVERSION
[2024-10-31_16:50:48:279]+QVERSION: FCM362KAAR03A01M04_CRW
[2024-10-31_16:50:48:279]
[2024-10-31_16:50:48:279]OK
[2024-10-31_16:50:48:732]AT+QECHO=1
[2024-10-31_16:50:48:732]OK
[2024-10-31_16:50:58:378]AT+QSUB
[2024-10-31_16:50:58:379]+QSUB: V03
[2024-10-31_16:50:58:379]
[2024-10-31_16:50:58:379]OK
[2024-10-31_16:51:03:020]AT+QECHO=1
[2024-10-31_16:51:03:020]OK
[2024-10-31_16:51:04:522]AT+QVERSION
[2024-10-31_16:51:04:524]+QVERSION: FCM362KAAR03A01M04_CRW
[2024-10-31_16:51:04:524]
[2024-10-31_16:51:04:524]OK
